<?xml version="1.0" encoding="UTF-8"?>
<testsuite xmlns:xsi="http://www.w3.org/2001/XMLSchema-instance" xsi:noNamespaceSchemaLocation="https://maven.apache.org/surefire/maven-surefire-plugin/xsd/surefire-test-report.xsd" name="org.xcc.AppTest" time="0.037" tests="1" errors="0" skipped="0" failures="0">
  <properties>
    <property name="sun.desktop" value="windows"/>
    <property name="awt.toolkit" value="sun.awt.windows.WToolkit"/>
    <property name="java.specification.version" value="11"/>
    <property name="sun.cpu.isalist" value="amd64"/>
    <property name="sun.jnu.encoding" value="Cp1252"/>
    <property name="java.class.path" value="C:\Users\SimonSeehausen\Documents\CodingChallange_Praktikanten\xcc2\xcc\target\test-classes;C:\Users\SimonSeehausen\Documents\CodingChallange_Praktikanten\xcc2\xcc\target\classes;C:\Users\SimonSeehausen\.m2\junit\junit\4.11\junit-4.11.jar;C:\Users\SimonSeehausen\.m2\org\hamcrest\hamcrest-core\1.3\hamcrest-core-1.3.jar;C:\Users\SimonSeehausen\.m2\io\quarkus\quarkus-resteasy\2.16.12.Final\quarkus-resteasy-2.16.12.Final.jar;C:\Users\SimonSeehausen\.m2\io\quarkus\quarkus-vertx-http\2.16.12.Final\quarkus-vertx-http-2.16.12.Final.jar;C:\Users\SimonSeehausen\.m2\io\quarkus\quarkus-security-runtime-spi\2.16.12.Final\quarkus-security-runtime-spi-2.16.12.Final.jar;C:\Users\SimonSeehausen\.m2\io\quarkus\quarkus-credentials\2.16.12.Final\quarkus-credentials-2.16.12.Final.jar;C:\Users\SimonSeehausen\.m2\io\quarkus\quarkus-mutiny\2.16.12.Final\quarkus-mutiny-2.16.12.Final.jar;C:\Users\SimonSeehausen\.m2\io\smallrye\reactive\mutiny\1.9.0\mutiny-1.9.0.jar;C:\Users\SimonSeehausen\.m2\org\reactivestreams\reactive-streams\1.0.3\reactive-streams-1.0.3.jar;C:\Users\SimonSeehausen\.m2\io\quarkus\quarkus-smallrye-context-propagation\2.16.12.Final\quarkus-smallrye-context-propagation-2.16.12.Final.jar;C:\Users\SimonSeehausen\.m2\io\smallrye\smallrye-context-propagation\1.2.2\smallrye-context-propagation-1.2.2.jar;C:\Users\SimonSeehausen\.m2\io\smallrye\smallrye-context-propagation-api\1.2.2\smallrye-context-propagation-api-1.2.2.jar;C:\Users\SimonSeehausen\.m2\io\smallrye\smallrye-context-propagation-storage\1.2.2\smallrye-context-propagation-storage-1.2.2.jar;C:\Users\SimonSeehausen\.m2\io\smallrye\reactive\mutiny-smallrye-context-propagation\1.9.0\mutiny-smallrye-context-propagation-1.9.0.jar;C:\Users\SimonSeehausen\.m2\io\smallrye\common\smallrye-common-vertx-context\1.13.2\smallrye-common-vertx-context-1.13.2.jar;C:\Users\SimonSeehausen\.m2\io\vertx\vertx-core\4.3.7\vertx-core-4.3.7.jar;C:\Users\SimonSeehausen\.m2\io\netty\netty-common\4.1.100.Final\netty-common-4.1.100.Final.jar;C:\Users\SimonSeehausen\.m2\io\netty\netty-buffer\4.1.100.Final\netty-buffer-4.1.100.Final.jar;C:\Users\SimonSeehausen\.m2\io\netty\netty-transport\4.1.100.Final\netty-transport-4.1.100.Final.jar;C:\Users\SimonSeehausen\.m2\io\netty\netty-handler\4.1.100.Final\netty-handler-4.1.100.Final.jar;C:\Users\SimonSeehausen\.m2\io\netty\netty-transport-native-unix-common\4.1.100.Final\netty-transport-native-unix-common-4.1.100.Final.jar;C:\Users\SimonSeehausen\.m2\io\netty\netty-handler-proxy\4.1.100.Final\netty-handler-proxy-4.1.100.Final.jar;C:\Users\SimonSeehausen\.m2\io\netty\netty-codec-socks\4.1.100.Final\netty-codec-socks-4.1.100.Final.jar;C:\Users\SimonSeehausen\.m2\io\netty\netty-codec-http\4.1.100.Final\netty-codec-http-4.1.100.Final.jar;C:\Users\SimonSeehausen\.m2\io\netty\netty-codec-http2\4.1.100.Final\netty-codec-http2-4.1.100.Final.jar;C:\Users\SimonSeehausen\.m2\io\netty\netty-resolver\4.1.100.Final\netty-resolver-4.1.100.Final.jar;C:\Users\SimonSeehausen\.m2\io\netty\netty-resolver-dns\4.1.100.Final\netty-resolver-dns-4.1.100.Final.jar;C:\Users\SimonSeehausen\.m2\io\netty\netty-codec-dns\4.1.100.Final\netty-codec-dns-4.1.100.Final.jar;C:\Users\SimonSeehausen\.m2\io\smallrye\common\smallrye-common-constraint\1.13.2\smallrye-common-constraint-1.13.2.jar;C:\Users\SimonSeehausen\.m2\io\quarkus\quarkus-vertx-http-dev-console-runtime-spi\2.16.12.Final\quarkus-vertx-http-dev-console-runtime-spi-2.16.12.Final.jar;C:\Users\SimonSeehausen\.m2\io\quarkus\security\quarkus-security\1.1.4.Final\quarkus-security-1.1.4.Final.jar;C:\Users\SimonSeehausen\.m2\io\quarkus\quarkus-vertx\2.16.12.Final\quarkus-vertx-2.16.12.Final.jar;C:\Users\SimonSeehausen\.m2\io\quarkus\quarkus-netty\2.16.12.Final\quarkus-netty-2.16.12.Final.jar;C:\Users\SimonSeehausen\.m2\io\netty\netty-codec\4.1.100.Final\netty-codec-4.1.100.Final.jar;C:\Users\SimonSeehausen\.m2\com\aayushatharva\brotli4j\brotli4j\1.12.0\brotli4j-1.12.0.jar;C:\Users\SimonSeehausen\.m2\com\aayushatharva\brotli4j\service\1.12.0\service-1.12.0.jar;C:\Users\SimonSeehausen\.m2\com\aayushatharva\brotli4j\native-windows-x86_64\1.12.0\native-windows-x86_64-1.12.0.jar;C:\Users\SimonSeehausen\.m2\io\netty\netty-codec-haproxy\4.1.100.Final\netty-codec-haproxy-4.1.100.Final.jar;C:\Users\SimonSeehausen\.m2\io\smallrye\common\smallrye-common-annotation\1.13.2\smallrye-common-annotation-1.13.2.jar;C:\Users\SimonSeehausen\.m2\io\quarkus\quarkus-vertx-latebound-mdc-provider\2.16.12.Final\quarkus-vertx-latebound-mdc-provider-2.16.12.Final.jar;C:\Users\SimonSeehausen\.m2\io\smallrye\reactive\smallrye-mutiny-vertx-core\2.30.1\smallrye-mutiny-vertx-core-2.30.1.jar;C:\Users\SimonSeehausen\.m2\io\smallrye\reactive\smallrye-mutiny-vertx-runtime\2.30.1\smallrye-mutiny-vertx-runtime-2.30.1.jar;C:\Users\SimonSeehausen\.m2\io\smallrye\reactive\vertx-mutiny-generator\2.30.1\vertx-mutiny-generator-2.30.1.jar;C:\Users\SimonSeehausen\.m2\io\vertx\vertx-codegen\4.3.7\vertx-codegen-4.3.7.jar;C:\Users\SimonSeehausen\.m2\io\smallrye\smallrye-fault-tolerance-vertx\5.6.0\smallrye-fault-tolerance-vertx-5.6.0.jar;C:\Users\SimonSeehausen\.m2\io\smallrye\reactive\smallrye-mutiny-vertx-web\2.30.1\smallrye-mutiny-vertx-web-2.30.1.jar;C:\Users\SimonSeehausen\.m2\io\smallrye\reactive\smallrye-mutiny-vertx-web-common\2.30.1\smallrye-mutiny-vertx-web-common-2.30.1.jar;C:\Users\SimonSeehausen\.m2\io\smallrye\reactive\smallrye-mutiny-vertx-auth-common\2.30.1\smallrye-mutiny-vertx-auth-common-2.30.1.jar;C:\Users\SimonSeehausen\.m2\io\smallrye\reactive\smallrye-mutiny-vertx-bridge-common\2.30.1\smallrye-mutiny-vertx-bridge-common-2.30.1.jar;C:\Users\SimonSeehausen\.m2\io\smallrye\reactive\smallrye-mutiny-vertx-uri-template\2.30.1\smallrye-mutiny-vertx-uri-template-2.30.1.jar;C:\Users\SimonSeehausen\.m2\io\vertx\vertx-uri-template\4.3.7\vertx-uri-template-4.3.7.jar;C:\Users\SimonSeehausen\.m2\io\vertx\vertx-web\4.3.7\vertx-web-4.3.7.jar;C:\Users\SimonSeehausen\.m2\io\vertx\vertx-web-common\4.3.7\vertx-web-common-4.3.7.jar;C:\Users\SimonSeehausen\.m2\io\vertx\vertx-auth-common\4.3.7\vertx-auth-common-4.3.7.jar;C:\Users\SimonSeehausen\.m2\io\vertx\vertx-bridge-common\4.3.7\vertx-bridge-common-4.3.7.jar;C:\Users\SimonSeehausen\.m2\io\github\crac\org-crac\0.1.3\org-crac-0.1.3.jar;C:\Users\SimonSeehausen\.m2\io\quarkus\quarkus-resteasy-server-common\2.16.12.Final\quarkus-resteasy-server-common-2.16.12.Final.jar;C:\Users\SimonSeehausen\.m2\io\quarkus\quarkus-resteasy-common\2.16.12.Final\quarkus-resteasy-common-2.16.12.Final.jar;C:\Users\SimonSeehausen\.m2\org\jboss\resteasy\resteasy-core\4.7.9.Final\resteasy-core-4.7.9.Final.jar;C:\Users\SimonSeehausen\.m2\org\jboss\spec\javax\ws\rs\jboss-jaxrs-api_2.1_spec\2.0.1.Final\jboss-jaxrs-api_2.1_spec-2.0.1.Final.jar;C:\Users\SimonSeehausen\.m2\org\jboss\resteasy\resteasy-core-spi\4.7.9.Final\resteasy-core-spi-4.7.9.Final.jar;C:\Users\SimonSeehausen\.m2\com\ibm\async\asyncutil\0.1.0\asyncutil-0.1.0.jar;C:\Users\SimonSeehausen\.m2\com\sun\activation\jakarta.activation\1.2.1\jakarta.activation-1.2.1.jar;C:\Users\SimonSeehausen\.m2\jakarta\validation\jakarta.validation-api\2.0.2\jakarta.validation-api-2.0.2.jar;C:\Users\SimonSeehausen\.m2\io\quarkus\quarkus-hibernate-orm-panache\2.16.12.Final\quarkus-hibernate-orm-panache-2.16.12.Final.jar;C:\Users\SimonSeehausen\.m2\io\quarkus\quarkus-hibernate-orm\2.16.12.Final\quarkus-hibernate-orm-2.16.12.Final.jar;C:\Users\SimonSeehausen\.m2\io\quarkus\quarkus-agroal\2.16.12.Final\quarkus-agroal-2.16.12.Final.jar;C:\Users\SimonSeehausen\.m2\io\quarkus\quarkus-datasource\2.16.12.Final\quarkus-datasource-2.16.12.Final.jar;C:\Users\SimonSeehausen\.m2\io\quarkus\quarkus-datasource-common\2.16.12.Final\quarkus-datasource-common-2.16.12.Final.jar;C:\Users\SimonSeehausen\.m2\io\agroal\agroal-api\1.17\agroal-api-1.17.jar;C:\Users\SimonSeehausen\.m2\io\agroal\agroal-narayana\1.17\agroal-narayana-1.17.jar;C:\Users\SimonSeehausen\.m2\org\jboss\jboss-transaction-spi\7.6.0.Final\jboss-transaction-spi-7.6.0.Final.jar;C:\Users\SimonSeehausen\.m2\io\agroal\agroal-pool\1.17\agroal-pool-1.17.jar;C:\Users\SimonSeehausen\.m2\io\quarkus\quarkus-narayana-jta\2.16.12.Final\quarkus-narayana-jta-2.16.12.Final.jar;C:\Users\SimonSeehausen\.m2\io\quarkus\quarkus-transaction-annotations\2.16.12.Final\quarkus-transaction-annotations-2.16.12.Final.jar;C:\Users\SimonSeehausen\.m2\io\smallrye\smallrye-context-propagation-jta\1.2.2\smallrye-context-propagation-jta-1.2.2.jar;C:\Users\SimonSeehausen\.m2\io\smallrye\reactive\smallrye-reactive-converter-api\2.7.0\smallrye-reactive-converter-api-2.7.0.jar;C:\Users\SimonSeehausen\.m2\io\smallrye\reactive\smallrye-reactive-converter-mutiny\2.7.0\smallrye-reactive-converter-mutiny-2.7.0.jar;C:\Users\SimonSeehausen\.m2\org\jboss\narayana\jta\narayana-jta\5.13.1.Final\narayana-jta-5.13.1.Final.jar;C:\Users\SimonSeehausen\.m2\org\jboss\spec\javax\resource\jboss-connector-api_1.7_spec\1.0.0.Final\jboss-connector-api_1.7_spec-1.0.0.Final.jar;C:\Users\SimonSeehausen\.m2\org\jboss\narayana\jts\narayana-jts-integration\5.13.1.Final\narayana-jts-integration-5.13.1.Final.jar;C:\Users\SimonSeehausen\.m2\org\hibernate\hibernate-core\5.6.15.Final\hibernate-core-5.6.15.Final.jar;C:\Users\SimonSeehausen\.m2\net\bytebuddy\byte-buddy\1.12.18\byte-buddy-1.12.18.jar;C:\Users\SimonSeehausen\.m2\antlr\antlr\2.7.7\antlr-2.7.7.jar;C:\Users\SimonSeehausen\.m2\com\fasterxml\classmate\1.5.1\classmate-1.5.1.jar;C:\Users\SimonSeehausen\.m2\org\hibernate\common\hibernate-commons-annotations\5.1.2.Final\hibernate-commons-annotations-5.1.2.Final.jar;C:\Users\SimonSeehausen\.m2\org\hibernate\hibernate-graalvm\5.6.15.Final\hibernate-graalvm-5.6.15.Final.jar;C:\Users\SimonSeehausen\.m2\org\glassfish\jaxb\jaxb-runtime\2.3.3-b02\jaxb-runtime-2.3.3-b02.jar;C:\Users\SimonSeehausen\.m2\org\glassfish\jaxb\txw2\2.3.3-b02\txw2-2.3.3-b02.jar;C:\Users\SimonSeehausen\.m2\com\sun\istack\istack-commons-runtime\3.0.10\istack-commons-runtime-3.0.10.jar;C:\Users\SimonSeehausen\.m2\org\jboss\spec\javax\xml\bind\jboss-jaxb-api_2.3_spec\2.0.0.Final\jboss-jaxb-api_2.3_spec-2.0.0.Final.jar;C:\Users\SimonSeehausen\.m2\jakarta\persistence\jakarta.persistence-api\2.2.3\jakarta.persistence-api-2.2.3.jar;C:\Users\SimonSeehausen\.m2\jakarta\transaction\jakarta.transaction-api\1.3.3\jakarta.transaction-api-1.3.3.jar;C:\Users\SimonSeehausen\.m2\org\hibernate\quarkus-local-cache\0.1.1\quarkus-local-cache-0.1.1.jar;C:\Users\SimonSeehausen\.m2\io\quarkus\quarkus-caffeine\2.16.12.Final\quarkus-caffeine-2.16.12.Final.jar;C:\Users\SimonSeehausen\.m2\com\github\ben-manes\caffeine\caffeine\3.1.1\caffeine-3.1.1.jar;C:\Users\SimonSeehausen\.m2\com\google\errorprone\error_prone_annotations\2.17.0\error_prone_annotations-2.17.0.jar;C:\Users\SimonSeehausen\.m2\io\quarkus\quarkus-hibernate-orm-panache-common\2.16.12.Final\quarkus-hibernate-orm-panache-common-2.16.12.Final.jar;C:\Users\SimonSeehausen\.m2\io\quarkus\quarkus-panache-hibernate-common\2.16.12.Final\quarkus-panache-hibernate-common-2.16.12.Final.jar;C:\Users\SimonSeehausen\.m2\io\quarkus\quarkus-arc\2.16.12.Final\quarkus-arc-2.16.12.Final.jar;C:\Users\SimonSeehausen\.m2\io\quarkus\arc\arc\2.16.12.Final\arc-2.16.12.Final.jar;C:\Users\SimonSeehausen\.m2\org\eclipse\microprofile\context-propagation\microprofile-context-propagation-api\1.2\microprofile-context-propagation-api-1.2.jar;C:\Users\SimonSeehausen\.m2\io\quarkus\quarkus-panache-common\2.16.12.Final\quarkus-panache-common-2.16.12.Final.jar;C:\Users\SimonSeehausen\.m2\io\quarkus\quarkus-jdbc-postgresql\2.16.12.Final\quarkus-jdbc-postgresql-2.16.12.Final.jar;C:\Users\SimonSeehausen\.m2\org\postgresql\postgresql\42.5.4\postgresql-42.5.4.jar;C:\Users\SimonSeehausen\.m2\io\quarkus\quarkus-smallrye-openapi\2.16.12.Final\quarkus-smallrye-openapi-2.16.12.Final.jar;C:\Users\SimonSeehausen\.m2\io\smallrye\smallrye-open-api-core\3.1.1\smallrye-open-api-core-3.1.1.jar;C:\Users\SimonSeehausen\.m2\org\eclipse\microprofile\openapi\microprofile-openapi-api\2.0.1\microprofile-openapi-api-2.0.1.jar;C:\Users\SimonSeehausen\.m2\org\eclipse\microprofile\config\microprofile-config-api\2.0.1\microprofile-config-api-2.0.1.jar;C:\Users\SimonSeehausen\.m2\com\fasterxml\jackson\core\jackson-core\2.14.2\jackson-core-2.14.2.jar;C:\Users\SimonSeehausen\.m2\com\fasterxml\jackson\core\jackson-databind\2.14.2\jackson-databind-2.14.2.jar;C:\Users\SimonSeehausen\.m2\com\fasterxml\jackson\core\jackson-annotations\2.14.2\jackson-annotations-2.14.2.jar;C:\Users\SimonSeehausen\.m2\com\fasterxml\jackson\dataformat\jackson-dataformat-yaml\2.14.2\jackson-dataformat-yaml-2.14.2.jar;C:\Users\SimonSeehausen\.m2\org\yaml\snakeyaml\1.33\snakeyaml-1.33.jar;C:\Users\SimonSeehausen\.m2\io\smallrye\jandex\3.0.5\jandex-3.0.5.jar;C:\Users\SimonSeehausen\.m2\org\jboss\logging\jboss-logging\3.5.0.Final\jboss-logging-3.5.0.Final.jar;C:\Users\SimonSeehausen\.m2\io\quarkus\quarkus-core\2.16.12.Final\quarkus-core-2.16.12.Final.jar;C:\Users\SimonSeehausen\.m2\jakarta\annotation\jakarta.annotation-api\1.3.5\jakarta.annotation-api-1.3.5.jar;C:\Users\SimonSeehausen\.m2\jakarta\enterprise\jakarta.enterprise.cdi-api\2.0.2\jakarta.enterprise.cdi-api-2.0.2.jar;C:\Users\SimonSeehausen\.m2\jakarta\el\jakarta.el-api\3.0.3\jakarta.el-api-3.0.3.jar;C:\Users\SimonSeehausen\.m2\jakarta\interceptor\jakarta.interceptor-api\1.2.5\jakarta.interceptor-api-1.2.5.jar;C:\Users\SimonSeehausen\.m2\jakarta\inject\jakarta.inject-api\1.0\jakarta.inject-api-1.0.jar;C:\Users\SimonSeehausen\.m2\io\quarkus\quarkus-ide-launcher\2.16.12.Final\quarkus-ide-launcher-2.16.12.Final.jar;C:\Users\SimonSeehausen\.m2\io\quarkus\quarkus-development-mode-spi\2.16.12.Final\quarkus-development-mode-spi-2.16.12.Final.jar;C:\Users\SimonSeehausen\.m2\io\smallrye\config\smallrye-config\2.13.3\smallrye-config-2.13.3.jar;C:\Users\SimonSeehausen\.m2\io\smallrye\config\smallrye-config-core\2.13.3\smallrye-config-core-2.13.3.jar;C:\Users\SimonSeehausen\.m2\io\smallrye\common\smallrye-common-expression\1.13.2\smallrye-common-expression-1.13.2.jar;C:\Users\SimonSeehausen\.m2\io\smallrye\common\smallrye-common-function\1.13.2\smallrye-common-function-1.13.2.jar;C:\Users\SimonSeehausen\.m2\io\smallrye\common\smallrye-common-classloader\1.13.2\smallrye-common-classloader-1.13.2.jar;C:\Users\SimonSeehausen\.m2\io\smallrye\config\smallrye-config-common\2.13.3\smallrye-config-common-2.13.3.jar;C:\Users\SimonSeehausen\.m2\org\jboss\logmanager\jboss-logmanager-embedded\1.0.11\jboss-logmanager-embedded-1.0.11.jar;C:\Users\SimonSeehausen\.m2\org\jboss\logging\jboss-logging-annotations\2.2.1.Final\jboss-logging-annotations-2.2.1.Final.jar;C:\Users\SimonSeehausen\.m2\org\jboss\threads\jboss-threads\3.4.3.Final\jboss-threads-3.4.3.Final.jar;C:\Users\SimonSeehausen\.m2\org\slf4j\slf4j-api\1.7.36\slf4j-api-1.7.36.jar;C:\Users\SimonSeehausen\.m2\org\jboss\slf4j\slf4j-jboss-logmanager\1.2.0.Final\slf4j-jboss-logmanager-1.2.0.Final.jar;C:\Users\SimonSeehausen\.m2\org\graalvm\sdk\graal-sdk\22.3.0\graal-sdk-22.3.0.jar;C:\Users\SimonSeehausen\.m2\org\wildfly\common\wildfly-common\1.5.4.Final-format-001\wildfly-common-1.5.4.Final-format-001.jar;C:\Users\SimonSeehausen\.m2\io\quarkus\quarkus-bootstrap-runner\2.16.12.Final\quarkus-bootstrap-runner-2.16.12.Final.jar;C:\Users\SimonSeehausen\.m2\io\smallrye\common\smallrye-common-io\1.13.2\smallrye-common-io-1.13.2.jar;C:\Users\SimonSeehausen\.m2\io\quarkus\quarkus-fs-util\0.0.9\quarkus-fs-util-0.0.9.jar;C:\Users\SimonSeehausen\.m2\io\quarkus\quarkus-swagger-ui\2.16.12.Final\quarkus-swagger-ui-2.16.12.Final.jar;C:\Users\SimonSeehausen\.m2\io\quarkus\quarkus-resteasy-jsonb\2.16.12.Final\quarkus-resteasy-jsonb-2.16.12.Final.jar;C:\Users\SimonSeehausen\.m2\io\quarkus\quarkus-jsonb\2.16.12.Final\quarkus-jsonb-2.16.12.Final.jar;C:\Users\SimonSeehausen\.m2\org\eclipse\yasson\1.0.11\yasson-1.0.11.jar;C:\Users\SimonSeehausen\.m2\io\quarkus\quarkus-jsonp\2.16.12.Final\quarkus-jsonp-2.16.12.Final.jar;C:\Users\SimonSeehausen\.m2\org\glassfish\jakarta.json\1.1.6\jakarta.json-1.1.6.jar;C:\Users\SimonSeehausen\.m2\org\jboss\resteasy\resteasy-json-binding-provider\4.7.9.Final\resteasy-json-binding-provider-4.7.9.Final.jar;C:\Users\SimonSeehausen\.m2\jakarta\json\bind\jakarta.json.bind-api\1.0.2\jakarta.json.bind-api-1.0.2.jar;C:\Users\SimonSeehausen\.m2\org\jboss\resteasy\resteasy-json-p-provider\4.7.9.Final\resteasy-json-p-provider-4.7.9.Final.jar;C:\Users\SimonSeehausen\.m2\commons-io\commons-io\2.11.0\commons-io-2.11.0.jar;"/>
    <property name="java.vm.vendor" value="GraalVM Community"/>
    <property name="sun.arch.data.model" value="64"/>
    <property name="user.variant" value=""/>
    <property name="java.vendor.url" value="https://www.graalvm.org/"/>
    <property name="user.timezone" value="Europe/Berlin"/>
    <property name="java.vm.specification.version" value="11"/>
    <property name="os.name" value="Windows 11"/>
    <property name="sun.java.launcher" value="SUN_STANDARD"/>
    <property name="user.country" value="GB"/>
    <property name="sun.boot.library.path" value="C:\Users\SimonSeehausen\GraalVM\graalvm-ce-java11-windows-amd64-22.3.3\graalvm-ce-java11-22.3.3\bin"/>
    <property name="sun.java.command" value="C:\Users\SIMONS~1\AppData\Local\Temp\surefire17773538229454972954\surefirebooter1954917048492111638.jar C:\Users\SimonSeehausen\AppData\Local\Temp\surefire17773538229454972954 2024-02-06T12-44-06_027-jvmRun1 surefire7145679741267197594tmp surefire_01156536234551700375tmp"/>
    <property name="jdk.debug" value="release"/>
    <property name="surefire.test.class.path" value="C:\Users\SimonSeehausen\Documents\CodingChallange_Praktikanten\xcc2\xcc\target\test-classes;C:\Users\SimonSeehausen\Documents\CodingChallange_Praktikanten\xcc2\xcc\target\classes;C:\Users\SimonSeehausen\.m2\junit\junit\4.11\junit-4.11.jar;C:\Users\SimonSeehausen\.m2\org\hamcrest\hamcrest-core\1.3\hamcrest-core-1.3.jar;C:\Users\SimonSeehausen\.m2\io\quarkus\quarkus-resteasy\2.16.12.Final\quarkus-resteasy-2.16.12.Final.jar;C:\Users\SimonSeehausen\.m2\io\quarkus\quarkus-vertx-http\2.16.12.Final\quarkus-vertx-http-2.16.12.Final.jar;C:\Users\SimonSeehausen\.m2\io\quarkus\quarkus-security-runtime-spi\2.16.12.Final\quarkus-security-runtime-spi-2.16.12.Final.jar;C:\Users\SimonSeehausen\.m2\io\quarkus\quarkus-credentials\2.16.12.Final\quarkus-credentials-2.16.12.Final.jar;C:\Users\SimonSeehausen\.m2\io\quarkus\quarkus-mutiny\2.16.12.Final\quarkus-mutiny-2.16.12.Final.jar;C:\Users\SimonSeehausen\.m2\io\smallrye\reactive\mutiny\1.9.0\mutiny-1.9.0.jar;C:\Users\SimonSeehausen\.m2\org\reactivestreams\reactive-streams\1.0.3\reactive-streams-1.0.3.jar;C:\Users\SimonSeehausen\.m2\io\quarkus\quarkus-smallrye-context-propagation\2.16.12.Final\quarkus-smallrye-context-propagation-2.16.12.Final.jar;C:\Users\SimonSeehausen\.m2\io\smallrye\smallrye-context-propagation\1.2.2\smallrye-context-propagation-1.2.2.jar;C:\Users\SimonSeehausen\.m2\io\smallrye\smallrye-context-propagation-api\1.2.2\smallrye-context-propagation-api-1.2.2.jar;C:\Users\SimonSeehausen\.m2\io\smallrye\smallrye-context-propagation-storage\1.2.2\smallrye-context-propagation-storage-1.2.2.jar;C:\Users\SimonSeehausen\.m2\io\smallrye\reactive\mutiny-smallrye-context-propagation\1.9.0\mutiny-smallrye-context-propagation-1.9.0.jar;C:\Users\SimonSeehausen\.m2\io\smallrye\common\smallrye-common-vertx-context\1.13.2\smallrye-common-vertx-context-1.13.2.jar;C:\Users\SimonSeehausen\.m2\io\vertx\vertx-core\4.3.7\vertx-core-4.3.7.jar;C:\Users\SimonSeehausen\.m2\io\netty\netty-common\4.1.100.Final\netty-common-4.1.100.Final.jar;C:\Users\SimonSeehausen\.m2\io\netty\netty-buffer\4.1.100.Final\netty-buffer-4.1.100.Final.jar;C:\Users\SimonSeehausen\.m2\io\netty\netty-transport\4.1.100.Final\netty-transport-4.1.100.Final.jar;C:\Users\SimonSeehausen\.m2\io\netty\netty-handler\4.1.100.Final\netty-handler-4.1.100.Final.jar;C:\Users\SimonSeehausen\.m2\io\netty\netty-transport-native-unix-common\4.1.100.Final\netty-transport-native-unix-common-4.1.100.Final.jar;C:\Users\SimonSeehausen\.m2\io\netty\netty-handler-proxy\4.1.100.Final\netty-handler-proxy-4.1.100.Final.jar;C:\Users\SimonSeehausen\.m2\io\netty\netty-codec-socks\4.1.100.Final\netty-codec-socks-4.1.100.Final.jar;C:\Users\SimonSeehausen\.m2\io\netty\netty-codec-http\4.1.100.Final\netty-codec-http-4.1.100.Final.jar;C:\Users\SimonSeehausen\.m2\io\netty\netty-codec-http2\4.1.100.Final\netty-codec-http2-4.1.100.Final.jar;C:\Users\SimonSeehausen\.m2\io\netty\netty-resolver\4.1.100.Final\netty-resolver-4.1.100.Final.jar;C:\Users\SimonSeehausen\.m2\io\netty\netty-resolver-dns\4.1.100.Final\netty-resolver-dns-4.1.100.Final.jar;C:\Users\SimonSeehausen\.m2\io\netty\netty-codec-dns\4.1.100.Final\netty-codec-dns-4.1.100.Final.jar;C:\Users\SimonSeehausen\.m2\io\smallrye\common\smallrye-common-constraint\1.13.2\smallrye-common-constraint-1.13.2.jar;C:\Users\SimonSeehausen\.m2\io\quarkus\quarkus-vertx-http-dev-console-runtime-spi\2.16.12.Final\quarkus-vertx-http-dev-console-runtime-spi-2.16.12.Final.jar;C:\Users\SimonSeehausen\.m2\io\quarkus\security\quarkus-security\1.1.4.Final\quarkus-security-1.1.4.Final.jar;C:\Users\SimonSeehausen\.m2\io\quarkus\quarkus-vertx\2.16.12.Final\quarkus-vertx-2.16.12.Final.jar;C:\Users\SimonSeehausen\.m2\io\quarkus\quarkus-netty\2.16.12.Final\quarkus-netty-2.16.12.Final.jar;C:\Users\SimonSeehausen\.m2\io\netty\netty-codec\4.1.100.Final\netty-codec-4.1.100.Final.jar;C:\Users\SimonSeehausen\.m2\com\aayushatharva\brotli4j\brotli4j\1.12.0\brotli4j-1.12.0.jar;C:\Users\SimonSeehausen\.m2\com\aayushatharva\brotli4j\service\1.12.0\service-1.12.0.jar;C:\Users\SimonSeehausen\.m2\com\aayushatharva\brotli4j\native-windows-x86_64\1.12.0\native-windows-x86_64-1.12.0.jar;C:\Users\SimonSeehausen\.m2\io\netty\netty-codec-haproxy\4.1.100.Final\netty-codec-haproxy-4.1.100.Final.jar;C:\Users\SimonSeehausen\.m2\io\smallrye\common\smallrye-common-annotation\1.13.2\smallrye-common-annotation-1.13.2.jar;C:\Users\SimonSeehausen\.m2\io\quarkus\quarkus-vertx-latebound-mdc-provider\2.16.12.Final\quarkus-vertx-latebound-mdc-provider-2.16.12.Final.jar;C:\Users\SimonSeehausen\.m2\io\smallrye\reactive\smallrye-mutiny-vertx-core\2.30.1\smallrye-mutiny-vertx-core-2.30.1.jar;C:\Users\SimonSeehausen\.m2\io\smallrye\reactive\smallrye-mutiny-vertx-runtime\2.30.1\smallrye-mutiny-vertx-runtime-2.30.1.jar;C:\Users\SimonSeehausen\.m2\io\smallrye\reactive\vertx-mutiny-generator\2.30.1\vertx-mutiny-generator-2.30.1.jar;C:\Users\SimonSeehausen\.m2\io\vertx\vertx-codegen\4.3.7\vertx-codegen-4.3.7.jar;C:\Users\SimonSeehausen\.m2\io\smallrye\smallrye-fault-tolerance-vertx\5.6.0\smallrye-fault-tolerance-vertx-5.6.0.jar;C:\Users\SimonSeehausen\.m2\io\smallrye\reactive\smallrye-mutiny-vertx-web\2.30.1\smallrye-mutiny-vertx-web-2.30.1.jar;C:\Users\SimonSeehausen\.m2\io\smallrye\reactive\smallrye-mutiny-vertx-web-common\2.30.1\smallrye-mutiny-vertx-web-common-2.30.1.jar;C:\Users\SimonSeehausen\.m2\io\smallrye\reactive\smallrye-mutiny-vertx-auth-common\2.30.1\smallrye-mutiny-vertx-auth-common-2.30.1.jar;C:\Users\SimonSeehausen\.m2\io\smallrye\reactive\smallrye-mutiny-vertx-bridge-common\2.30.1\smallrye-mutiny-vertx-bridge-common-2.30.1.jar;C:\Users\SimonSeehausen\.m2\io\smallrye\reactive\smallrye-mutiny-vertx-uri-template\2.30.1\smallrye-mutiny-vertx-uri-template-2.30.1.jar;C:\Users\SimonSeehausen\.m2\io\vertx\vertx-uri-template\4.3.7\vertx-uri-template-4.3.7.jar;C:\Users\SimonSeehausen\.m2\io\vertx\vertx-web\4.3.7\vertx-web-4.3.7.jar;C:\Users\SimonSeehausen\.m2\io\vertx\vertx-web-common\4.3.7\vertx-web-common-4.3.7.jar;C:\Users\SimonSeehausen\.m2\io\vertx\vertx-auth-common\4.3.7\vertx-auth-common-4.3.7.jar;C:\Users\SimonSeehausen\.m2\io\vertx\vertx-bridge-common\4.3.7\vertx-bridge-common-4.3.7.jar;C:\Users\SimonSeehausen\.m2\io\github\crac\org-crac\0.1.3\org-crac-0.1.3.jar;C:\Users\SimonSeehausen\.m2\io\quarkus\quarkus-resteasy-server-common\2.16.12.Final\quarkus-resteasy-server-common-2.16.12.Final.jar;C:\Users\SimonSeehausen\.m2\io\quarkus\quarkus-resteasy-common\2.16.12.Final\quarkus-resteasy-common-2.16.12.Final.jar;C:\Users\SimonSeehausen\.m2\org\jboss\resteasy\resteasy-core\4.7.9.Final\resteasy-core-4.7.9.Final.jar;C:\Users\SimonSeehausen\.m2\org\jboss\spec\javax\ws\rs\jboss-jaxrs-api_2.1_spec\2.0.1.Final\jboss-jaxrs-api_2.1_spec-2.0.1.Final.jar;C:\Users\SimonSeehausen\.m2\org\jboss\resteasy\resteasy-core-spi\4.7.9.Final\resteasy-core-spi-4.7.9.Final.jar;C:\Users\SimonSeehausen\.m2\com\ibm\async\asyncutil\0.1.0\asyncutil-0.1.0.jar;C:\Users\SimonSeehausen\.m2\com\sun\activation\jakarta.activation\1.2.1\jakarta.activation-1.2.1.jar;C:\Users\SimonSeehausen\.m2\jakarta\validation\jakarta.validation-api\2.0.2\jakarta.validation-api-2.0.2.jar;C:\Users\SimonSeehausen\.m2\io\quarkus\quarkus-hibernate-orm-panache\2.16.12.Final\quarkus-hibernate-orm-panache-2.16.12.Final.jar;C:\Users\SimonSeehausen\.m2\io\quarkus\quarkus-hibernate-orm\2.16.12.Final\quarkus-hibernate-orm-2.16.12.Final.jar;C:\Users\SimonSeehausen\.m2\io\quarkus\quarkus-agroal\2.16.12.Final\quarkus-agroal-2.16.12.Final.jar;C:\Users\SimonSeehausen\.m2\io\quarkus\quarkus-datasource\2.16.12.Final\quarkus-datasource-2.16.12.Final.jar;C:\Users\SimonSeehausen\.m2\io\quarkus\quarkus-datasource-common\2.16.12.Final\quarkus-datasource-common-2.16.12.Final.jar;C:\Users\SimonSeehausen\.m2\io\agroal\agroal-api\1.17\agroal-api-1.17.jar;C:\Users\SimonSeehausen\.m2\io\agroal\agroal-narayana\1.17\agroal-narayana-1.17.jar;C:\Users\SimonSeehausen\.m2\org\jboss\jboss-transaction-spi\7.6.0.Final\jboss-transaction-spi-7.6.0.Final.jar;C:\Users\SimonSeehausen\.m2\io\agroal\agroal-pool\1.17\agroal-pool-1.17.jar;C:\Users\SimonSeehausen\.m2\io\quarkus\quarkus-narayana-jta\2.16.12.Final\quarkus-narayana-jta-2.16.12.Final.jar;C:\Users\SimonSeehausen\.m2\io\quarkus\quarkus-transaction-annotations\2.16.12.Final\quarkus-transaction-annotations-2.16.12.Final.jar;C:\Users\SimonSeehausen\.m2\io\smallrye\smallrye-context-propagation-jta\1.2.2\smallrye-context-propagation-jta-1.2.2.jar;C:\Users\SimonSeehausen\.m2\io\smallrye\reactive\smallrye-reactive-converter-api\2.7.0\smallrye-reactive-converter-api-2.7.0.jar;C:\Users\SimonSeehausen\.m2\io\smallrye\reactive\smallrye-reactive-converter-mutiny\2.7.0\smallrye-reactive-converter-mutiny-2.7.0.jar;C:\Users\SimonSeehausen\.m2\org\jboss\narayana\jta\narayana-jta\5.13.1.Final\narayana-jta-5.13.1.Final.jar;C:\Users\SimonSeehausen\.m2\org\jboss\spec\javax\resource\jboss-connector-api_1.7_spec\1.0.0.Final\jboss-connector-api_1.7_spec-1.0.0.Final.jar;C:\Users\SimonSeehausen\.m2\org\jboss\narayana\jts\narayana-jts-integration\5.13.1.Final\narayana-jts-integration-5.13.1.Final.jar;C:\Users\SimonSeehausen\.m2\org\hibernate\hibernate-core\5.6.15.Final\hibernate-core-5.6.15.Final.jar;C:\Users\SimonSeehausen\.m2\net\bytebuddy\byte-buddy\1.12.18\byte-buddy-1.12.18.jar;C:\Users\SimonSeehausen\.m2\antlr\antlr\2.7.7\antlr-2.7.7.jar;C:\Users\SimonSeehausen\.m2\com\fasterxml\classmate\1.5.1\classmate-1.5.1.jar;C:\Users\SimonSeehausen\.m2\org\hibernate\common\hibernate-commons-annotations\5.1.2.Final\hibernate-commons-annotations-5.1.2.Final.jar;C:\Users\SimonSeehausen\.m2\org\hibernate\hibernate-graalvm\5.6.15.Final\hibernate-graalvm-5.6.15.Final.jar;C:\Users\SimonSeehausen\.m2\org\glassfish\jaxb\jaxb-runtime\2.3.3-b02\jaxb-runtime-2.3.3-b02.jar;C:\Users\SimonSeehausen\.m2\org\glassfish\jaxb\txw2\2.3.3-b02\txw2-2.3.3-b02.jar;C:\Users\SimonSeehausen\.m2\com\sun\istack\istack-commons-runtime\3.0.10\istack-commons-runtime-3.0.10.jar;C:\Users\SimonSeehausen\.m2\org\jboss\spec\javax\xml\bind\jboss-jaxb-api_2.3_spec\2.0.0.Final\jboss-jaxb-api_2.3_spec-2.0.0.Final.jar;C:\Users\SimonSeehausen\.m2\jakarta\persistence\jakarta.persistence-api\2.2.3\jakarta.persistence-api-2.2.3.jar;C:\Users\SimonSeehausen\.m2\jakarta\transaction\jakarta.transaction-api\1.3.3\jakarta.transaction-api-1.3.3.jar;C:\Users\SimonSeehausen\.m2\org\hibernate\quarkus-local-cache\0.1.1\quarkus-local-cache-0.1.1.jar;C:\Users\SimonSeehausen\.m2\io\quarkus\quarkus-caffeine\2.16.12.Final\quarkus-caffeine-2.16.12.Final.jar;C:\Users\SimonSeehausen\.m2\com\github\ben-manes\caffeine\caffeine\3.1.1\caffeine-3.1.1.jar;C:\Users\SimonSeehausen\.m2\com\google\errorprone\error_prone_annotations\2.17.0\error_prone_annotations-2.17.0.jar;C:\Users\SimonSeehausen\.m2\io\quarkus\quarkus-hibernate-orm-panache-common\2.16.12.Final\quarkus-hibernate-orm-panache-common-2.16.12.Final.jar;C:\Users\SimonSeehausen\.m2\io\quarkus\quarkus-panache-hibernate-common\2.16.12.Final\quarkus-panache-hibernate-common-2.16.12.Final.jar;C:\Users\SimonSeehausen\.m2\io\quarkus\quarkus-arc\2.16.12.Final\quarkus-arc-2.16.12.Final.jar;C:\Users\SimonSeehausen\.m2\io\quarkus\arc\arc\2.16.12.Final\arc-2.16.12.Final.jar;C:\Users\SimonSeehausen\.m2\org\eclipse\microprofile\context-propagation\microprofile-context-propagation-api\1.2\microprofile-context-propagation-api-1.2.jar;C:\Users\SimonSeehausen\.m2\io\quarkus\quarkus-panache-common\2.16.12.Final\quarkus-panache-common-2.16.12.Final.jar;C:\Users\SimonSeehausen\.m2\io\quarkus\quarkus-jdbc-postgresql\2.16.12.Final\quarkus-jdbc-postgresql-2.16.12.Final.jar;C:\Users\SimonSeehausen\.m2\org\postgresql\postgresql\42.5.4\postgresql-42.5.4.jar;C:\Users\SimonSeehausen\.m2\io\quarkus\quarkus-smallrye-openapi\2.16.12.Final\quarkus-smallrye-openapi-2.16.12.Final.jar;C:\Users\SimonSeehausen\.m2\io\smallrye\smallrye-open-api-core\3.1.1\smallrye-open-api-core-3.1.1.jar;C:\Users\SimonSeehausen\.m2\org\eclipse\microprofile\openapi\microprofile-openapi-api\2.0.1\microprofile-openapi-api-2.0.1.jar;C:\Users\SimonSeehausen\.m2\org\eclipse\microprofile\config\microprofile-config-api\2.0.1\microprofile-config-api-2.0.1.jar;C:\Users\SimonSeehausen\.m2\com\fasterxml\jackson\core\jackson-core\2.14.2\jackson-core-2.14.2.jar;C:\Users\SimonSeehausen\.m2\com\fasterxml\jackson\core\jackson-databind\2.14.2\jackson-databind-2.14.2.jar;C:\Users\SimonSeehausen\.m2\com\fasterxml\jackson\core\jackson-annotations\2.14.2\jackson-annotations-2.14.2.jar;C:\Users\SimonSeehausen\.m2\com\fasterxml\jackson\dataformat\jackson-dataformat-yaml\2.14.2\jackson-dataformat-yaml-2.14.2.jar;C:\Users\SimonSeehausen\.m2\org\yaml\snakeyaml\1.33\snakeyaml-1.33.jar;C:\Users\SimonSeehausen\.m2\io\smallrye\jandex\3.0.5\jandex-3.0.5.jar;C:\Users\SimonSeehausen\.m2\org\jboss\logging\jboss-logging\3.5.0.Final\jboss-logging-3.5.0.Final.jar;C:\Users\SimonSeehausen\.m2\io\quarkus\quarkus-core\2.16.12.Final\quarkus-core-2.16.12.Final.jar;C:\Users\SimonSeehausen\.m2\jakarta\annotation\jakarta.annotation-api\1.3.5\jakarta.annotation-api-1.3.5.jar;C:\Users\SimonSeehausen\.m2\jakarta\enterprise\jakarta.enterprise.cdi-api\2.0.2\jakarta.enterprise.cdi-api-2.0.2.jar;C:\Users\SimonSeehausen\.m2\jakarta\el\jakarta.el-api\3.0.3\jakarta.el-api-3.0.3.jar;C:\Users\SimonSeehausen\.m2\jakarta\interceptor\jakarta.interceptor-api\1.2.5\jakarta.interceptor-api-1.2.5.jar;C:\Users\SimonSeehausen\.m2\jakarta\inject\jakarta.inject-api\1.0\jakarta.inject-api-1.0.jar;C:\Users\SimonSeehausen\.m2\io\quarkus\quarkus-ide-launcher\2.16.12.Final\quarkus-ide-launcher-2.16.12.Final.jar;C:\Users\SimonSeehausen\.m2\io\quarkus\quarkus-development-mode-spi\2.16.12.Final\quarkus-development-mode-spi-2.16.12.Final.jar;C:\Users\SimonSeehausen\.m2\io\smallrye\config\smallrye-config\2.13.3\smallrye-config-2.13.3.jar;C:\Users\SimonSeehausen\.m2\io\smallrye\config\smallrye-config-core\2.13.3\smallrye-config-core-2.13.3.jar;C:\Users\SimonSeehausen\.m2\io\smallrye\common\smallrye-common-expression\1.13.2\smallrye-common-expression-1.13.2.jar;C:\Users\SimonSeehausen\.m2\io\smallrye\common\smallrye-common-function\1.13.2\smallrye-common-function-1.13.2.jar;C:\Users\SimonSeehausen\.m2\io\smallrye\common\smallrye-common-classloader\1.13.2\smallrye-common-classloader-1.13.2.jar;C:\Users\SimonSeehausen\.m2\io\smallrye\config\smallrye-config-common\2.13.3\smallrye-config-common-2.13.3.jar;C:\Users\SimonSeehausen\.m2\org\jboss\logmanager\jboss-logmanager-embedded\1.0.11\jboss-logmanager-embedded-1.0.11.jar;C:\Users\SimonSeehausen\.m2\org\jboss\logging\jboss-logging-annotations\2.2.1.Final\jboss-logging-annotations-2.2.1.Final.jar;C:\Users\SimonSeehausen\.m2\org\jboss\threads\jboss-threads\3.4.3.Final\jboss-threads-3.4.3.Final.jar;C:\Users\SimonSeehausen\.m2\org\slf4j\slf4j-api\1.7.36\slf4j-api-1.7.36.jar;C:\Users\SimonSeehausen\.m2\org\jboss\slf4j\slf4j-jboss-logmanager\1.2.0.Final\slf4j-jboss-logmanager-1.2.0.Final.jar;C:\Users\SimonSeehausen\.m2\org\graalvm\sdk\graal-sdk\22.3.0\graal-sdk-22.3.0.jar;C:\Users\SimonSeehausen\.m2\org\wildfly\common\wildfly-common\1.5.4.Final-format-001\wildfly-common-1.5.4.Final-format-001.jar;C:\Users\SimonSeehausen\.m2\io\quarkus\quarkus-bootstrap-runner\2.16.12.Final\quarkus-bootstrap-runner-2.16.12.Final.jar;C:\Users\SimonSeehausen\.m2\io\smallrye\common\smallrye-common-io\1.13.2\smallrye-common-io-1.13.2.jar;C:\Users\SimonSeehausen\.m2\io\quarkus\quarkus-fs-util\0.0.9\quarkus-fs-util-0.0.9.jar;C:\Users\SimonSeehausen\.m2\io\quarkus\quarkus-swagger-ui\2.16.12.Final\quarkus-swagger-ui-2.16.12.Final.jar;C:\Users\SimonSeehausen\.m2\io\quarkus\quarkus-resteasy-jsonb\2.16.12.Final\quarkus-resteasy-jsonb-2.16.12.Final.jar;C:\Users\SimonSeehausen\.m2\io\quarkus\quarkus-jsonb\2.16.12.Final\quarkus-jsonb-2.16.12.Final.jar;C:\Users\SimonSeehausen\.m2\org\eclipse\yasson\1.0.11\yasson-1.0.11.jar;C:\Users\SimonSeehausen\.m2\io\quarkus\quarkus-jsonp\2.16.12.Final\quarkus-jsonp-2.16.12.Final.jar;C:\Users\SimonSeehausen\.m2\org\glassfish\jakarta.json\1.1.6\jakarta.json-1.1.6.jar;C:\Users\SimonSeehausen\.m2\org\jboss\resteasy\resteasy-json-binding-provider\4.7.9.Final\resteasy-json-binding-provider-4.7.9.Final.jar;C:\Users\SimonSeehausen\.m2\jakarta\json\bind\jakarta.json.bind-api\1.0.2\jakarta.json.bind-api-1.0.2.jar;C:\Users\SimonSeehausen\.m2\org\jboss\resteasy\resteasy-json-p-provider\4.7.9.Final\resteasy-json-p-provider-4.7.9.Final.jar;C:\Users\SimonSeehausen\.m2\commons-io\commons-io\2.11.0\commons-io-2.11.0.jar;"/>
    <property name="sun.cpu.endian" value="little"/>
    <property name="user.home" value="C:\Users\SimonSeehausen"/>
    <property name="user.language" value="en"/>
    <property name="java.specification.vendor" value="Oracle Corporation"/>
    <property name="java.version.date" value="2023-07-18"/>
    <property name="java.home" value="C:\Users\SimonSeehausen\GraalVM\graalvm-ce-java11-windows-amd64-22.3.3\graalvm-ce-java11-22.3.3"/>
    <property name="file.separator" value="\"/>
    <property name="basedir" value="C:\Users\SimonSeehausen\Documents\CodingChallange_Praktikanten\xcc2\xcc"/>
    <property name="java.vm.compressedOopsMode" value="Zero based"/>
    <property name="line.separator" value="&#10;"/>
    <property name="jdk.internal.vm.ci.enabled" value="true"/>
    <property name="java.specification.name" value="Java Platform API Specification"/>
    <property name="java.vm.specification.vendor" value="Oracle Corporation"/>
    <property name="java.awt.graphicsenv" value="sun.awt.Win32GraphicsEnvironment"/>
    <property name="surefire.real.class.path" value="C:\Users\SIMONS~1\AppData\Local\Temp\surefire17773538229454972954\surefirebooter1954917048492111638.jar"/>
    <property name="user.script" value=""/>
    <property name="sun.management.compiler" value="HotSpot 64-Bit Tiered Compilers"/>
    <property name="java.runtime.version" value="11.0.20+8-jvmci-22.3-b22"/>
    <property name="user.name" value="SimonSeehausen"/>
    <property name="path.separator" value=";"/>
    <property name="os.version" value="10.0"/>
    <property name="java.runtime.name" value="OpenJDK Runtime Environment"/>
    <property name="file.encoding" value="Cp1252"/>
    <property name="java.vm.name" value="OpenJDK 64-Bit Server VM"/>
    <property name="java.vendor.version" value="GraalVM CE 22.3.3"/>
    <property name="localRepository" value="C:\Users\SimonSeehausen\.m2"/>
    <property name="java.vendor.url.bug" value="https://github.com/oracle/graal/issues"/>
    <property name="java.io.tmpdir" value="C:\Users\SIMONS~1\AppData\Local\Temp\"/>
    <property name="java.version" value="11.0.20"/>
    <property name="user.dir" value="C:\Users\SimonSeehausen\Documents\CodingChallange_Praktikanten\xcc2\xcc"/>
    <property name="os.arch" value="amd64"/>
    <property name="java.vm.specification.name" value="Java Virtual Machine Specification"/>
    <property name="java.awt.printerjob" value="sun.awt.windows.WPrinterJob"/>
    <property name="sun.os.patch.level" value=""/>
    <property name="java.library.path" value="C:\Users\SimonSeehausen\GraalVM\graalvm-ce-java11-windows-amd64-22.3.3\graalvm-ce-java11-22.3.3\bin;C:\WINDOWS\Sun\Java\bin;C:\WINDOWS\system32;C:\WINDOWS;C:\Users\SimonSeehausen\GraalVM\graalvm-ce-java11-windows-amd64-22.3.3\graalvm-ce-java11-22.3.3\bin;C:\Users\SimonSeehausen\GraalVM\graalvm-ce-java11-windows-amd64-22.3.3\graalvm-ce-java11-22.3.3\bin;C:\Users\SimonSeehausen\GraalVM\graalvm-ce-java11-windows-amd64-22.3.3\graalvm-ce-java11-22.3.3\bin;C:\WINDOWS\System32;C:\Program Files\Git\cmd;C:\Program Files\Amazon\AWSCLIV2\;C:\Program Files\Amazon\SessionManagerPlugin\bin\;C:\WINDOWS\system32;C:\WINDOWS;C:\WINDOWS\System32\Wbem;C:\WINDOWS\System32\WindowsPowerShell\v1.0\;C:\WINDOWS\System32\OpenSSH\;%NVM_HOME%;%NVM_SYMLINK%;C:\Program Files\Rancher Desktop\resources\resources\win32\bin\;C:\Program Files\Rancher Desktop\resources\resources\linux\bin\;C:\Program Files\Git\cmd;C:\Program Files\Amazon\AWSCLIV2\;C:\Program Files\Amazon\SessionManagerPlugin\bin\;C:\WINDOWS\system32;C:\WINDOWS;C:\WINDOWS\System32\Wbem;C:\WINDOWS\System32\WindowsPowerShell\v1.0\;C:\WINDOWS\System32\OpenSSH\;C:\Users\SimonSeehausen\AppData\Roaming\nvm;C:\Program Files\nodejs;C:\Program Files\Rancher Desktop\resources\resources\win32\bin\;C:\Program Files\Rancher Desktop\resources\resources\linux\bin\;C:\Program Files\Git\cmd;C:\Program Files\Amazon\AWSCLIV2\;C:\Program Files\Amazon\SessionManagerPlugin\bin\;C:\WINDOWS\system32;C:\WINDOWS;C:\WINDOWS\System32\Wbem;C:\WINDOWS\System32\WindowsPowerShell\v1.0\;C:\WINDOWS\System32\OpenSSH\;C:\Users\SimonSeehausen\AppData\Roaming\nvm;C:\Program Files\nodejs;C:\Program Files\Rancher Desktop\resources\resources\win32\bin\;C:\Program Files\Rancher Desktop\resources\resources\linux\bin\;C:\Users\SimonSeehausen\anaconda3;C:\Users\SimonSeehausen\anaconda3\Library\mingw-w64\bin;C:\Users\SimonSeehausen\anaconda3\Library\usr\bin;C:\Users\SimonSeehausen\anaconda3\Library\bin;C:\Users\SimonSeehausen\anaconda3\Scripts;C:\Users\SimonSeehausen\GraalVM\graalvm-ce-java11-windows-amd64-22.3.3\graalvm-ce-java11-22.3.3\bin;C:\Users\SimonSeehausen\scoop\shims;C:\Users\SimonSeehausen\AppData\Local\Microsoft\WindowsApps;C:\Program Files\Maven\apache-maven-3.6.3-bin\apache-maven-3.6.3\bin;C:\Users\SimonSeehausen\AppData\Local\Programs\Microsoft VS Code\bin;C:\Program Files\JetBrains\IntelliJ IDEA Community Edition 2022.1.1\bin;;C:\Users\SimonSeehausen\AppData\Local\Yarn\bin;C:\Users\SimonSeehausen\aws_CLI;C:\Users\SimonSeehausen\AppData\Local\Programs\Python\Python311\Scripts;C:\Program Files\Amazon\SessionManagerPlugin\bin;C:\ProgramData\chocolatey\bin;C:\Users\SimonSeehausen\AppData\Local\Microsoft\WindowsApps;C:\Users\SimonSeehausen\flyway-9.8.1;C:\Users\SimonSeehausen\AppData\Roaming\nvm;C:\Program Files\nodejs;C:\Program Files\JetBrains\PyCharm 2023.2.4\bin;;."/>
    <property name="java.vm.info" value="mixed mode, sharing"/>
    <property name="java.vendor" value="GraalVM Community"/>
    <property name="java.vm.version" value="11.0.20+8-jvmci-22.3-b22"/>
    <property name="java.specification.maintenance.version" value="2"/>
    <property name="sun.io.unicode.encoding" value="UnicodeLittle"/>
    <property name="java.class.version" value="55.0"/>
  </properties>
  <testcase name="shouldAnswerWithTrue" classname="org.xcc.AppTest" time="0.002"/>
</testsuite>